[DEBUG][21-10-17][org.apache.ibatis.logging.LogFactory]Logging initialized using 'class org.apache.ibatis.logging.log4j.Log4jImpl' adapter.
[DEBUG][21-10-17][org.apache.ibatis.logging.LogFactory]Logging initialized using 'class org.apache.ibatis.logging.log4j.Log4jImpl' adapter.
[DEBUG][21-10-17][org.apache.ibatis.datasource.pooled.PooledDataSource]PooledDataSource forcefully closed/removed all connections.
[DEBUG][21-10-17][org.apache.ibatis.datasource.pooled.PooledDataSource]PooledDataSource forcefully closed/removed all connections.
[DEBUG][21-10-17][org.apache.ibatis.datasource.pooled.PooledDataSource]PooledDataSource forcefully closed/removed all connections.
[DEBUG][21-10-17][org.apache.ibatis.datasource.pooled.PooledDataSource]PooledDataSource forcefully closed/removed all connections.
[DEBUG][21-10-17][org.apache.ibatis.transaction.jdbc.JdbcTransaction]Opening JDBC Connection
[DEBUG][21-10-17][org.apache.ibatis.datasource.pooled.PooledDataSource]Created connection 520022247.
[DEBUG][21-10-17][org.apache.ibatis.transaction.jdbc.JdbcTransaction]Setting autocommit to false on JDBC Connection [com.mysql.jdbc.JDBC4Connection@1efee8e7]
[DEBUG][21-10-17][com.gao.mybatis.mapper.UserMapper.getUserById]==>  Preparing: select * from mybatis.user where id = ?; 
[DEBUG][21-10-17][com.gao.mybatis.mapper.UserMapper.getUserById]==> Parameters: 1(Integer)
[DEBUG][21-10-17][com.gao.mybatis.mapper.UserMapper.getUserById]<==      Total: 1
[DEBUG][21-10-17][org.apache.ibatis.transaction.jdbc.JdbcTransaction]Resetting autocommit to true on JDBC Connection [com.mysql.jdbc.JDBC4Connection@1efee8e7]
[DEBUG][21-10-17][org.apache.ibatis.transaction.jdbc.JdbcTransaction]Closing JDBC Connection [com.mysql.jdbc.JDBC4Connection@1efee8e7]
[DEBUG][21-10-17][org.apache.ibatis.datasource.pooled.PooledDataSource]Returned connection 520022247 to pool.
[DEBUG][21-10-17][org.apache.ibatis.logging.LogFactory]Logging initialized using 'class org.apache.ibatis.logging.log4j.Log4jImpl' adapter.
[DEBUG][21-10-17][org.apache.ibatis.logging.LogFactory]Logging initialized using 'class org.apache.ibatis.logging.log4j.Log4jImpl' adapter.
[DEBUG][21-10-17][org.apache.ibatis.datasource.pooled.PooledDataSource]PooledDataSource forcefully closed/removed all connections.
[DEBUG][21-10-17][org.apache.ibatis.datasource.pooled.PooledDataSource]PooledDataSource forcefully closed/removed all connections.
[DEBUG][21-10-17][org.apache.ibatis.datasource.pooled.PooledDataSource]PooledDataSource forcefully closed/removed all connections.
[DEBUG][21-10-17][org.apache.ibatis.datasource.pooled.PooledDataSource]PooledDataSource forcefully closed/removed all connections.
[DEBUG][21-10-17][org.apache.ibatis.transaction.jdbc.JdbcTransaction]Opening JDBC Connection
[DEBUG][21-10-17][org.apache.ibatis.datasource.pooled.PooledDataSource]Created connection 339924917.
[DEBUG][21-10-17][org.apache.ibatis.transaction.jdbc.JdbcTransaction]Setting autocommit to false on JDBC Connection [com.mysql.jdbc.JDBC4Connection@1442d7b5]
[DEBUG][21-10-17][com.gao.mybatis.mapper.UserMapper.getUserById]==>  Preparing: select * from mybatis.user where id = ?; 
[DEBUG][21-10-17][com.gao.mybatis.mapper.UserMapper.getUserById]==> Parameters: 1(Integer)
[DEBUG][21-10-17][com.gao.mybatis.mapper.UserMapper.getUserById]<==      Total: 1
[DEBUG][21-10-17][org.apache.ibatis.transaction.jdbc.JdbcTransaction]Resetting autocommit to true on JDBC Connection [com.mysql.jdbc.JDBC4Connection@1442d7b5]
[DEBUG][21-10-17][org.apache.ibatis.transaction.jdbc.JdbcTransaction]Closing JDBC Connection [com.mysql.jdbc.JDBC4Connection@1442d7b5]
[DEBUG][21-10-17][org.apache.ibatis.datasource.pooled.PooledDataSource]Returned connection 339924917 to pool.
[DEBUG][21-10-17][org.apache.ibatis.logging.LogFactory]Logging initialized using 'class org.apache.ibatis.logging.log4j.Log4jImpl' adapter.
[DEBUG][21-10-17][org.apache.ibatis.logging.LogFactory]Logging initialized using 'class org.apache.ibatis.logging.log4j.Log4jImpl' adapter.
[DEBUG][21-10-17][org.apache.ibatis.datasource.pooled.PooledDataSource]PooledDataSource forcefully closed/removed all connections.
[DEBUG][21-10-17][org.apache.ibatis.datasource.pooled.PooledDataSource]PooledDataSource forcefully closed/removed all connections.
[DEBUG][21-10-17][org.apache.ibatis.datasource.pooled.PooledDataSource]PooledDataSource forcefully closed/removed all connections.
[DEBUG][21-10-17][org.apache.ibatis.datasource.pooled.PooledDataSource]PooledDataSource forcefully closed/removed all connections.
[DEBUG][21-10-17][org.apache.ibatis.transaction.jdbc.JdbcTransaction]Opening JDBC Connection
[DEBUG][21-10-17][org.apache.ibatis.datasource.pooled.PooledDataSource]Created connection 518522822.
[DEBUG][21-10-17][org.apache.ibatis.transaction.jdbc.JdbcTransaction]Setting autocommit to false on JDBC Connection [com.mysql.jdbc.JDBC4Connection@1ee807c6]
[DEBUG][21-10-17][com.gao.mybatis.mapper.UserMapper.getUserByLimit]==>  Preparing: select * from mybatis.user limit ?,?; 
[DEBUG][21-10-17][com.gao.mybatis.mapper.UserMapper.getUserByLimit]==> Parameters: 0(Integer), 2(Integer)
[DEBUG][21-10-17][com.gao.mybatis.mapper.UserMapper.getUserByLimit]<==      Total: 2
[DEBUG][21-10-17][org.apache.ibatis.transaction.jdbc.JdbcTransaction]Resetting autocommit to true on JDBC Connection [com.mysql.jdbc.JDBC4Connection@1ee807c6]
[DEBUG][21-10-17][org.apache.ibatis.transaction.jdbc.JdbcTransaction]Closing JDBC Connection [com.mysql.jdbc.JDBC4Connection@1ee807c6]
[DEBUG][21-10-17][org.apache.ibatis.datasource.pooled.PooledDataSource]Returned connection 518522822 to pool.
[DEBUG][21-10-17][org.apache.ibatis.logging.LogFactory]Logging initialized using 'class org.apache.ibatis.logging.log4j.Log4jImpl' adapter.
[DEBUG][21-10-17][org.apache.ibatis.logging.LogFactory]Logging initialized using 'class org.apache.ibatis.logging.log4j.Log4jImpl' adapter.
[DEBUG][21-10-17][org.apache.ibatis.datasource.pooled.PooledDataSource]PooledDataSource forcefully closed/removed all connections.
[DEBUG][21-10-17][org.apache.ibatis.datasource.pooled.PooledDataSource]PooledDataSource forcefully closed/removed all connections.
[DEBUG][21-10-17][org.apache.ibatis.datasource.pooled.PooledDataSource]PooledDataSource forcefully closed/removed all connections.
[DEBUG][21-10-17][org.apache.ibatis.datasource.pooled.PooledDataSource]PooledDataSource forcefully closed/removed all connections.
[DEBUG][21-10-17][org.apache.ibatis.transaction.jdbc.JdbcTransaction]Opening JDBC Connection
[DEBUG][21-10-17][org.apache.ibatis.datasource.pooled.PooledDataSource]Created connection 518522822.
[DEBUG][21-10-17][org.apache.ibatis.transaction.jdbc.JdbcTransaction]Setting autocommit to false on JDBC Connection [com.mysql.jdbc.JDBC4Connection@1ee807c6]
[DEBUG][21-10-17][com.gao.mybatis.mapper.UserMapper.getUserByLimit]==>  Preparing: select * from mybatis.user limit ?,?; 
[DEBUG][21-10-17][com.gao.mybatis.mapper.UserMapper.getUserByLimit]==> Parameters: 0(Integer), 2(Integer)
[DEBUG][21-10-17][com.gao.mybatis.mapper.UserMapper.getUserByLimit]<==      Total: 2
[DEBUG][21-10-17][org.apache.ibatis.transaction.jdbc.JdbcTransaction]Resetting autocommit to true on JDBC Connection [com.mysql.jdbc.JDBC4Connection@1ee807c6]
[DEBUG][21-10-17][org.apache.ibatis.transaction.jdbc.JdbcTransaction]Closing JDBC Connection [com.mysql.jdbc.JDBC4Connection@1ee807c6]
[DEBUG][21-10-17][org.apache.ibatis.datasource.pooled.PooledDataSource]Returned connection 518522822 to pool.
